февр. 29, 2024 8:19:03 PM org.example.CalcLogger LogInfo
INFO: read form file:
февр. 29, 2024 8:19:03 PM org.example.CalcLogger LogError
SEVERE: Took start arguments. Error reading file:  (Нет такого файла или каталога)
февр. 29, 2024 8:19:03 PM org.example.CalcLogger LogInfo
INFO: START FACRORY
февр. 29, 2024 8:19:03 PM org.example.CalcLogger LogInfo
INFO: successeful reading config
февр. 29, 2024 8:19:03 PM org.example.CalcLogger LogInfo
INFO: read form file:/home/konoongglts/work/22209-Akhmedov/javaLab1/src/test/resources/uncorDefine.txt
февр. 29, 2024 8:19:03 PM org.example.CalcLogger LogInfo
INFO: START FACRORY
февр. 29, 2024 8:19:03 PM org.example.CalcLogger LogInfo
INFO: successeful reading config
февр. 29, 2024 8:19:03 PM org.example.CalcLogger LogInfo
INFO: start create opearation DEFINE
февр. 29, 2024 8:19:03 PM org.example.CalcLogger LogInfo
INFO: create operation: org.example.operation.Define
февр. 29, 2024 8:19:03 PM org.example.CalcLogger LogInfo
INFO: successful opearation DEFINE
февр. 29, 2024 8:19:03 PM org.example.CalcLogger LogInfo
INFO: START FACRORY
февр. 29, 2024 8:19:03 PM org.example.CalcLogger LogInfo
INFO: successeful reading config
февр. 29, 2024 8:19:03 PM org.example.CalcLogger LogInfo
INFO: start create opearation PP
февр. 29, 2024 8:19:03 PM org.example.CalcLogger LogInfo
INFO: read form file:/home/konoongglts/work/22209-Akhmedov/javaLab1/src/test/resources/uncorPush.txt
февр. 29, 2024 8:19:03 PM org.example.CalcLogger LogInfo
INFO: START FACRORY
февр. 29, 2024 8:19:03 PM org.example.CalcLogger LogInfo
INFO: successeful reading config
февр. 29, 2024 8:19:03 PM org.example.CalcLogger LogInfo
INFO: start create opearation PUSH
февр. 29, 2024 8:19:03 PM org.example.CalcLogger LogInfo
INFO: create operation: org.example.operation.Push
февр. 29, 2024 8:19:03 PM org.example.CalcLogger LogInfo
INFO: successful opearation PUSH
февр. 29, 2024 8:19:03 PM org.example.CalcLogger LogInfo
INFO: read form file:/home/konoongglts/work/22209-Akhmedov/javaLab1/src/test/resources/empty.txt
февр. 29, 2024 8:19:03 PM org.example.CalcLogger LogInfo
INFO: START FACRORY
февр. 29, 2024 8:19:03 PM org.example.CalcLogger LogInfo
INFO: successeful reading config
февр. 29, 2024 8:19:03 PM org.example.CalcLogger LogInfo
INFO: start create opearation PUSH
февр. 29, 2024 8:19:03 PM org.example.CalcLogger LogInfo
INFO: create operation: org.example.operation.Push
февр. 29, 2024 8:19:03 PM org.example.CalcLogger LogInfo
INFO: successful opearation PUSH
февр. 29, 2024 8:19:03 PM org.example.CalcLogger LogInfo
INFO: push concreat num: 1.0
февр. 29, 2024 8:19:03 PM org.example.CalcLogger LogInfo
INFO: done operation: PUSH 1
